2017-03-14 13:11:57,179 INFO  c.c.d.collector.CollectorTask - -----------------------------------
2017-03-14 13:11:57,184 INFO  c.c.d.collector.CollectorTask - server1
2017-03-14 13:11:57,185 INFO  c.c.d.collector.CollectorTask - -----------------------------------
2017-03-14 13:11:57,187 INFO  c.c.d.collector.CollectorTask - Fetched jobs                     0s
2017-03-14 13:11:57,187 INFO  c.c.d.collector.CollectorTask - New jobs                0        0s
2017-03-14 13:11:57,188 INFO  c.c.d.collector.CollectorTask - New builds              0        0s
2017-03-14 13:11:57,188 INFO  c.c.d.collector.CollectorTask - Finished                         0s
2017-03-14 13:11:57,194 INFO  c.c.d.collector.CollectorTask - -----------------------------------
2017-03-14 13:11:57,194 INFO  c.c.d.collector.CollectorTask - server1
2017-03-14 13:11:57,194 INFO  c.c.d.collector.CollectorTask - -----------------------------------
2017-03-14 13:11:57,195 INFO  c.c.d.collector.CollectorTask - Fetched jobs                     0s
2017-03-14 13:11:57,195 INFO  c.c.d.collector.CollectorTask - New jobs                1        0s
2017-03-14 13:11:57,196 INFO  c.c.d.collector.CollectorTask - New builds              0        0s
2017-03-14 13:11:57,197 INFO  c.c.d.collector.CollectorTask - Finished                         0s
2017-03-14 13:11:57,207 INFO  c.c.d.collector.CollectorTask - -----------------------------------
2017-03-14 13:11:57,208 INFO  c.c.d.collector.CollectorTask - server1
2017-03-14 13:11:57,209 INFO  c.c.d.collector.CollectorTask - -----------------------------------
2017-03-14 13:11:57,210 INFO  c.c.d.collector.CollectorTask - Fetched jobs                     0s
2017-03-14 13:11:57,211 INFO  c.c.d.collector.CollectorTask - New jobs                0        0s
2017-03-14 13:11:57,212 INFO  c.c.d.collector.CollectorTask - New builds              0        0s
2017-03-14 13:11:57,212 INFO  c.c.d.collector.CollectorTask - Finished                         0s
2017-03-14 13:11:57,218 INFO  c.c.d.collector.CollectorTask - -----------------------------------
2017-03-14 13:11:57,219 INFO  c.c.d.collector.CollectorTask - server1
2017-03-14 13:11:57,220 INFO  c.c.d.collector.CollectorTask - -----------------------------------
2017-03-14 13:11:57,220 INFO  c.c.d.collector.CollectorTask - Fetched jobs                     0s
2017-03-14 13:11:57,221 INFO  c.c.d.collector.CollectorTask - New jobs                1        0s
2017-03-14 13:11:57,221 INFO  c.c.d.collector.CollectorTask - New builds              0        0s
2017-03-14 13:11:57,221 INFO  c.c.d.collector.CollectorTask - Finished                         0s
2017-03-14 13:11:57,225 INFO  c.c.d.collector.CollectorTask - -----------------------------------
2017-03-14 13:11:57,226 INFO  c.c.d.collector.CollectorTask - server1
2017-03-14 13:11:57,226 INFO  c.c.d.collector.CollectorTask - -----------------------------------
2017-03-14 13:11:57,227 INFO  c.c.d.collector.CollectorTask - Fetched jobs                     0s
2017-03-14 13:11:57,228 INFO  c.c.d.collector.CollectorTask - New jobs                2        0s
2017-03-14 13:11:57,229 INFO  c.c.d.collector.CollectorTask - New builds              0        0s
2017-03-14 13:11:57,230 INFO  c.c.d.collector.CollectorTask - Finished                         0s
2017-03-14 13:11:57,234 INFO  c.c.d.collector.CollectorTask - -----------------------------------
2017-03-14 13:11:57,235 INFO  c.c.d.collector.CollectorTask - server1
2017-03-14 13:11:57,235 INFO  c.c.d.collector.CollectorTask - -----------------------------------
2017-03-14 13:11:57,236 INFO  c.c.d.collector.CollectorTask - Fetched jobs                     0s
2017-03-14 13:11:57,236 INFO  c.c.d.collector.CollectorTask - New jobs                1        0s
2017-03-14 13:11:57,237 INFO  c.c.d.collector.CollectorTask - New builds              0        0s
2017-03-14 13:11:57,237 INFO  c.c.d.collector.CollectorTask - Finished                         0s
2017-03-14 13:11:57,240 INFO  c.c.d.collector.CollectorTask - -----------------------------------
2017-03-14 13:11:57,241 INFO  c.c.d.collector.CollectorTask - server1
2017-03-14 13:11:57,242 INFO  c.c.d.collector.CollectorTask - -----------------------------------
2017-03-14 13:11:57,242 INFO  c.c.d.collector.CollectorTask - Fetched jobs                     0s
2017-03-14 13:11:57,243 INFO  c.c.d.collector.CollectorTask - New jobs                1        0s
2017-03-14 13:11:57,244 INFO  c.c.d.collector.CollectorTask - New builds              1        0s
2017-03-14 13:11:57,244 INFO  c.c.d.collector.CollectorTask - Finished                         0s
2017-03-14 13:11:57,248 INFO  c.c.d.collector.CollectorTask - -----------------------------------
2017-03-14 13:11:57,249 INFO  c.c.d.collector.CollectorTask - server1
2017-03-14 13:11:57,250 INFO  c.c.d.collector.CollectorTask - -----------------------------------
2017-03-14 13:11:57,250 INFO  c.c.d.collector.CollectorTask - Fetched jobs                     0s
2017-03-14 13:11:57,251 INFO  c.c.d.collector.CollectorTask - New jobs                0        0s
2017-03-14 13:11:57,251 INFO  c.c.d.collector.CollectorTask - New builds              0        0s
2017-03-14 13:11:57,252 INFO  c.c.d.collector.CollectorTask - Finished                         0s
2017-03-14 21:41:51,582 INFO  c.c.d.collector.CollectorTask - -----------------------------------
2017-03-14 21:41:51,589 INFO  c.c.d.collector.CollectorTask - server1
2017-03-14 21:41:51,590 INFO  c.c.d.collector.CollectorTask - -----------------------------------
2017-03-14 21:41:51,592 INFO  c.c.d.collector.CollectorTask - Fetched jobs                     0s
2017-03-14 21:41:51,593 INFO  c.c.d.collector.CollectorTask - New jobs                0        0s
2017-03-14 21:41:51,594 INFO  c.c.d.collector.CollectorTask - New builds              0        0s
2017-03-14 21:41:51,594 INFO  c.c.d.collector.CollectorTask - Finished                         0s
2017-03-14 21:41:51,599 INFO  c.c.d.collector.CollectorTask - -----------------------------------
2017-03-14 21:41:51,599 INFO  c.c.d.collector.CollectorTask - server1
2017-03-14 21:41:51,600 INFO  c.c.d.collector.CollectorTask - -----------------------------------
2017-03-14 21:41:51,600 INFO  c.c.d.collector.CollectorTask - Fetched jobs                     0s
2017-03-14 21:41:51,601 INFO  c.c.d.collector.CollectorTask - New jobs                1        0s
2017-03-14 21:41:51,601 INFO  c.c.d.collector.CollectorTask - New builds              0        0s
2017-03-14 21:41:51,601 INFO  c.c.d.collector.CollectorTask - Finished                         0s
2017-03-14 21:41:51,607 INFO  c.c.d.collector.CollectorTask - -----------------------------------
2017-03-14 21:41:51,608 INFO  c.c.d.collector.CollectorTask - server1
2017-03-14 21:41:51,608 INFO  c.c.d.collector.CollectorTask - -----------------------------------
2017-03-14 21:41:51,608 INFO  c.c.d.collector.CollectorTask - Fetched jobs                     0s
2017-03-14 21:41:51,608 INFO  c.c.d.collector.CollectorTask - New jobs                0        0s
2017-03-14 21:41:51,609 INFO  c.c.d.collector.CollectorTask - New builds              0        0s
2017-03-14 21:41:51,609 INFO  c.c.d.collector.CollectorTask - Finished                         0s
2017-03-14 21:41:51,612 INFO  c.c.d.collector.CollectorTask - -----------------------------------
2017-03-14 21:41:51,612 INFO  c.c.d.collector.CollectorTask - server1
2017-03-14 21:41:51,613 INFO  c.c.d.collector.CollectorTask - -----------------------------------
2017-03-14 21:41:51,614 INFO  c.c.d.collector.CollectorTask - Fetched jobs                     0s
2017-03-14 21:41:51,615 INFO  c.c.d.collector.CollectorTask - New jobs                1        0s
2017-03-14 21:41:51,616 INFO  c.c.d.collector.CollectorTask - New builds              0        0s
2017-03-14 21:41:51,617 INFO  c.c.d.collector.CollectorTask - Finished                         0s
2017-03-14 21:41:51,620 INFO  c.c.d.collector.CollectorTask - -----------------------------------
2017-03-14 21:41:51,621 INFO  c.c.d.collector.CollectorTask - server1
2017-03-14 21:41:51,622 INFO  c.c.d.collector.CollectorTask - -----------------------------------
2017-03-14 21:41:51,623 INFO  c.c.d.collector.CollectorTask - Fetched jobs                     0s
2017-03-14 21:41:51,624 INFO  c.c.d.collector.CollectorTask - New jobs                2        0s
2017-03-14 21:41:51,625 INFO  c.c.d.collector.CollectorTask - New builds              0        0s
2017-03-14 21:41:51,625 INFO  c.c.d.collector.CollectorTask - Finished                         0s
2017-03-14 21:41:51,631 INFO  c.c.d.collector.CollectorTask - -----------------------------------
2017-03-14 21:41:51,632 INFO  c.c.d.collector.CollectorTask - server1
2017-03-14 21:41:51,633 INFO  c.c.d.collector.CollectorTask - -----------------------------------
2017-03-14 21:41:51,634 INFO  c.c.d.collector.CollectorTask - Fetched jobs                     0s
2017-03-14 21:41:51,635 INFO  c.c.d.collector.CollectorTask - New jobs                1        0s
2017-03-14 21:41:51,636 INFO  c.c.d.collector.CollectorTask - New builds              0        0s
2017-03-14 21:41:51,636 INFO  c.c.d.collector.CollectorTask - Finished                         0s
2017-03-14 21:41:51,641 INFO  c.c.d.collector.CollectorTask - -----------------------------------
2017-03-14 21:41:51,641 INFO  c.c.d.collector.CollectorTask - server1
2017-03-14 21:41:51,642 INFO  c.c.d.collector.CollectorTask - -----------------------------------
2017-03-14 21:41:51,642 INFO  c.c.d.collector.CollectorTask - Fetched jobs                     0s
2017-03-14 21:41:51,642 INFO  c.c.d.collector.CollectorTask - New jobs                1        0s
2017-03-14 21:41:51,643 INFO  c.c.d.collector.CollectorTask - New builds              1        0s
2017-03-14 21:41:51,643 INFO  c.c.d.collector.CollectorTask - Finished                         0s
2017-03-14 21:41:51,646 INFO  c.c.d.collector.CollectorTask - -----------------------------------
2017-03-14 21:41:51,648 INFO  c.c.d.collector.CollectorTask - server1
2017-03-14 21:41:51,648 INFO  c.c.d.collector.CollectorTask - -----------------------------------
2017-03-14 21:41:51,649 INFO  c.c.d.collector.CollectorTask - Fetched jobs                     0s
2017-03-14 21:41:51,650 INFO  c.c.d.collector.CollectorTask - New jobs                0        0s
2017-03-14 21:41:51,650 INFO  c.c.d.collector.CollectorTask - New builds              0        0s
2017-03-14 21:41:51,650 INFO  c.c.d.collector.CollectorTask - Finished                         0s
